Removed Pin From Net: NetName=NetC43_1 Pin=C43-1
Removed Pin From Net: NetName=GND Pin=C43-2
Removed Member From Class: ClassName=Fibernet Member=C43
Change Component Footprint: Designator=C41 Old Footprint=0603 New Footprint=0402
Change Component Comment : Designator=C41 Old Comment=0.1uF New Comment=100nF
Change component parameters: Designator = "R1" ("R1"); Footprint = "0603"; UniqueID = "\SLTQLROV" ("\SLTQLROV")
Change component parameters: Designator = "R2" ("R2"); Footprint = "0603"; UniqueID = "\RCAPGTUB" ("\RCAPGTUB")
Change component parameters: Designator = "R3" ("R3"); Footprint = "0603"; UniqueID = "\OKJNHUKR" ("\OKJNHUKR")
Change component parameters: Designator = "R4" ("R4"); Footprint = "0603"; UniqueID = "\FWLMYQNC" ("\FWLMYQNC")
Change component parameters: Designator = "R5" ("R5"); Footprint = "0603"; UniqueID = "\MULOELFL" ("\MULOELFL")
Change component parameters: Designator = "R6" ("R6"); Footprint = "0603"; UniqueID = "\GDXRGQTF" ("\GDXRGQTF")
Change component parameters: Designator = "R7" ("R7"); Footprint = "0603"; UniqueID = "\DMBROMLJ" ("\DMBROMLJ")
Change component parameters: Designator = "R8" ("R8"); Footprint = "0603"; UniqueID = "\AQSAQDEO" ("\AQSAQDEO")
Change component parameters: Designator = "R9" ("R9"); Footprint = "0603"; UniqueID = "\DMOTJHGM" ("\DMOTJHGM")
Change component parameters: Designator = "R10" ("R10"); Footprint = "0603"; UniqueID = "\ENAYEBHU" ("\ENAYEBHU")
Change component parameters: Designator = "R11" ("R11"); Footprint = "0603"; UniqueID = "\RNQDDOVH" ("\RNQDDOVH")
Change component parameters: Designator = "R12" ("R12"); Footprint = "0603"; UniqueID = "\JBIIPETS" ("\JBIIPETS")
Change component parameters: Designator = "R13" ("R13"); Footprint = "0603"; UniqueID = "\AASMGWDL" ("\AASMGWDL")
Change component parameters: Designator = "R14" ("R14"); Footprint = "0603"; UniqueID = "\QGGKWIFO" ("\QGGKWIFO")
Change component parameters: Designator = "R15" ("R15"); Footprint = "0603"; UniqueID = "\MMSPLTLY" ("\MMSPLTLY")
Change component parameters: Designator = "R16" ("R16"); Footprint = "0603"; UniqueID = "\PENQUAOR" ("\PENQUAOR")
Change component parameters: Designator = "R17" ("R17"); Footprint = "0603"; UniqueID = "\WOKHXBDH" ("\WOKHXBDH")
Change component parameters: Designator = "R18" ("R18"); Footprint = "0603"; UniqueID = "\WDEPFNOL" ("\WDEPFNOL")
Change component parameters: Designator = "R19" ("R19"); Footprint = "0603"; UniqueID = "\AMMXQHLU" ("\AMMXQHLU")
Change component parameters: Designator = "R20" ("R20"); Footprint = "0603"; UniqueID = "\XLFBXDRP" ("\XLFBXDRP")
Added Component: Designator=R21(0603)
Added Component: Designator=R22(0603)
Added Component: Designator=R23(0603)
Added Component: Designator=R24(0603)
Added Component: Designator=R25(0603)
Added Component: Designator=R26(0603)
Added Pin To Net: NetName=GND Pin=IC1-34
Add Pin To Net: Unknown Pin: Pin J4-
Added Pin To Net: NetName=+3.3V Pin=R21-1
Added Pin To Net: NetName=NetJ4_7 Pin=R21-2
Added Pin To Net: NetName=+3.3V Pin=R22-1
Added Pin To Net: NetName=+3.3V Pin=R24-1
Added Pin To Net: NetName=NetIC1_43 Pin=R24-2
Added Pin To Net: NetName=+3.3V Pin=R25-1
Added Pin To Net: NetName=NetIC1_42 Pin=R25-2
Added Pin To Net: NetName=NetD2_1 Pin=R26-1
Added Pin To Net: NetName=GND Pin=R26-2
Change Net Name : Old Net Name=NetC43_1 New Net Name=NetJ2_1
Change Net Name : Old Net Name=NetMCU?_6 New Net Name=NetMCU1_6
Added Pin To Net: NetName=NetJ4_11 Pin=R22-2
Added Pin To Net: NetName=NetJ4_11 Pin=R23-2
Added Pin To Net: NetName=NetJ4_11 Pin=J4-9
Added Net: Name=NetJ4_11
Added Pin To Net: NetName=NetMCU1_2 Pin=MCU1-2
Added Pin To Net: NetName=NetMCU1_2 Pin=R23-1
Added Net: Name=NetMCU1_2
Added Member To Class: ClassName=Fibernet Member=Component R21 10k
Added Member To Class: ClassName=Fibernet Member=Component R22 10k
Added Member To Class: ClassName=Fibernet Member=Component R23 1k
Added Member To Class: ClassName=Fibernet Member=Component R24 10k
Added Member To Class: ClassName=Fibernet Member=Component R25 10k
Added Member To Class: ClassName=Fibernet Member=Component R26 10k
