Replace Part C27 Cap in F:\OneDrive\Altium\Projects\UD3 Fibernet\Fibernet.SchDoc with Cap from stdLib.SCHLIB
Replace Part C28 Cap in F:\OneDrive\Altium\Projects\UD3 Fibernet\Fibernet.SchDoc with Cap from stdLib.SCHLIB
Replace Part C29 Cap in F:\OneDrive\Altium\Projects\UD3 Fibernet\Fibernet.SchDoc with Cap from stdLib.SCHLIB
Replace Part C30 Cap in F:\OneDrive\Altium\Projects\UD3 Fibernet\Fibernet.SchDoc with Cap from stdLib.SCHLIB
Replace Part C31 Cap in F:\OneDrive\Altium\Projects\UD3 Fibernet\Fibernet.SchDoc with Cap from stdLib.SCHLIB
Replace Part C32 Cap in F:\OneDrive\Altium\Projects\UD3 Fibernet\Fibernet.SchDoc with Cap from stdLib.SCHLIB
Replace Part C33 Cap in F:\OneDrive\Altium\Projects\UD3 Fibernet\Fibernet.SchDoc with Cap from stdLib.SCHLIB
Replace Part C34 Cap in F:\OneDrive\Altium\Projects\UD3 Fibernet\Fibernet.SchDoc with Cap from stdLib.SCHLIB
Replace Part C35 Cap in F:\OneDrive\Altium\Projects\UD3 Fibernet\Fibernet.SchDoc with Cap from stdLib.SCHLIB
Replace Part C36 Cap in F:\OneDrive\Altium\Projects\UD3 Fibernet\Fibernet.SchDoc with Cap from stdLib.SCHLIB
Replace Part C37 Cap in F:\OneDrive\Altium\Projects\UD3 Fibernet\Fibernet.SchDoc with Cap from stdLib.SCHLIB
Replace Part C40 Cap in F:\OneDrive\Altium\Projects\UD3 Fibernet\Fibernet.SchDoc with Cap from stdLib.SCHLIB
Replace Part D1 RGB LED in F:\OneDrive\Altium\Projects\UD3 Fibernet\Fibernet.SchDoc with RGB LED from stdLib.SCHLIB
Replace Part D2 LED in F:\OneDrive\Altium\Projects\UD3 Fibernet\Fibernet.SchDoc with LED from stdLib.SCHLIB
Replace Part IC1 LAN9250 in F:\OneDrive\Altium\Projects\UD3 Fibernet\Fibernet.SchDoc with LAN9250 from stdLib.SCHLIB
Replace Part IC1 LAN9250 in F:\OneDrive\Altium\Projects\UD3 Fibernet\Fibernet.SchDoc with LAN9250 from stdLib.SCHLIB
Replace Part IC1 LAN9250 in F:\OneDrive\Altium\Projects\UD3 Fibernet\Fibernet.SchDoc with LAN9250 from stdLib.SCHLIB
Replace Part J1 SFP Connector in F:\OneDrive\Altium\Projects\UD3 Fibernet\Fibernet.SchDoc with SFP Connector from stdLib.SCHLIB
Replace Part J2 Header 5 in F:\OneDrive\Altium\Projects\UD3 Fibernet\Fibernet.SchDoc with Header 5 from Miscellaneous Connectors.IntLib
Replace Part J3 Header 6 in F:\OneDrive\Altium\Projects\UD3 Fibernet\Fibernet.SchDoc with Header 6 from Miscellaneous Connectors.IntLib
Replace Part MCU? PIC32MX2xxFxxxB in F:\OneDrive\Altium\Projects\UD3 Fibernet\Fibernet.SchDoc with PIC32MX2xxFxxxB from stdLib.SCHLIB
Replace Part R1 Resistor in F:\OneDrive\Altium\Projects\UD3 Fibernet\Fibernet.SchDoc with Resistor from stdLib.SCHLIB
Replace Part R2 Resistor in F:\OneDrive\Altium\Projects\UD3 Fibernet\Fibernet.SchDoc with Resistor from stdLib.SCHLIB
Replace Part R3 Resistor in F:\OneDrive\Altium\Projects\UD3 Fibernet\Fibernet.SchDoc with Resistor from stdLib.SCHLIB
Replace Part R4 Resistor in F:\OneDrive\Altium\Projects\UD3 Fibernet\Fibernet.SchDoc with Resistor from stdLib.SCHLIB
Replace Part R5 Resistor in F:\OneDrive\Altium\Projects\UD3 Fibernet\Fibernet.SchDoc with Resistor from stdLib.SCHLIB
Replace Part R6 Resistor in F:\OneDrive\Altium\Projects\UD3 Fibernet\Fibernet.SchDoc with Resistor from stdLib.SCHLIB
Replace Part R7 Resistor in F:\OneDrive\Altium\Projects\UD3 Fibernet\Fibernet.SchDoc with Resistor from stdLib.SCHLIB
Replace Part R8 Resistor in F:\OneDrive\Altium\Projects\UD3 Fibernet\Fibernet.SchDoc with Resistor from stdLib.SCHLIB
Replace Part R9 Resistor in F:\OneDrive\Altium\Projects\UD3 Fibernet\Fibernet.SchDoc with Resistor from stdLib.SCHLIB
Replace Part R10 Resistor in F:\OneDrive\Altium\Projects\UD3 Fibernet\Fibernet.SchDoc with Resistor from stdLib.SCHLIB
Replace Part R11 Resistor in F:\OneDrive\Altium\Projects\UD3 Fibernet\Fibernet.SchDoc with Resistor from stdLib.SCHLIB
Replace Part R12 Resistor in F:\OneDrive\Altium\Projects\UD3 Fibernet\Fibernet.SchDoc with Resistor from stdLib.SCHLIB
Replace Part R13 Resistor in F:\OneDrive\Altium\Projects\UD3 Fibernet\Fibernet.SchDoc with Resistor from stdLib.SCHLIB
Replace Part R14 Resistor in F:\OneDrive\Altium\Projects\UD3 Fibernet\Fibernet.SchDoc with Resistor from stdLib.SCHLIB
Replace Part R15 Resistor in F:\OneDrive\Altium\Projects\UD3 Fibernet\Fibernet.SchDoc with Resistor from stdLib.SCHLIB
Replace Part R16 Resistor in F:\OneDrive\Altium\Projects\UD3 Fibernet\Fibernet.SchDoc with Resistor from stdLib.SCHLIB
Replace Part R17 Resistor in F:\OneDrive\Altium\Projects\UD3 Fibernet\Fibernet.SchDoc with Resistor from stdLib.SCHLIB
Replace Part X1 Quarz crystal in F:\OneDrive\Altium\Projects\UD3 Fibernet\Fibernet.SchDoc with Quarz crystal from stdLib.SCHLIB
