Change Component Footprint: Designator=C1 Old Footprint=0402 New Footprint=0603
Change Component Footprint: Designator=C2 Old Footprint=0402 New Footprint=0603
Change Component Footprint: Designator=C4 Old Footprint=0402 New Footprint=0603
Change Component Footprint: Designator=C5 Old Footprint=0402 New Footprint=0603
Change Component Footprint: Designator=C6 Old Footprint=0402 New Footprint=0603
Change Component Footprint: Designator=C7 Old Footprint=0402 New Footprint=0603
Change Component Footprint: Designator=C8 Old Footprint=0402 New Footprint=0603
Change Component Footprint: Designator=C9 Old Footprint=0402 New Footprint=0603
Change Component Footprint: Designator=C10 Old Footprint=0402 New Footprint=0603
Change Component Footprint: Designator=C11 Old Footprint=0402 New Footprint=0603
Change Component Footprint: Designator=C12 Old Footprint=0402 New Footprint=0603
Change Component Footprint: Designator=C13 Old Footprint=0402 New Footprint=0603
Change Component Footprint: Designator=C14 Old Footprint=0402 New Footprint=0603
Change Component Footprint: Designator=C15 Old Footprint=0402 New Footprint=0603
Change Component Footprint: Designator=C16 Old Footprint=0402 New Footprint=0603
Change Component Footprint: Designator=C17 Old Footprint=0402 New Footprint=0603
Change Component Footprint: Designator=C18 Old Footprint=0402 New Footprint=0603
Change Component Footprint: Designator=C19 Old Footprint=0402 New Footprint=0603
Change Component Footprint: Designator=C20 Old Footprint=0402 New Footprint=0603
Change Component Footprint: Designator=C21 Old Footprint=0402 New Footprint=0603
Change Component Footprint: Designator=C22 Old Footprint=0402 New Footprint=0603
Change Component Footprint: Designator=C23 Old Footprint=0402 New Footprint=0603
Change Component Footprint: Designator=C24 Old Footprint=0402 New Footprint=0603
Change Component Footprint: Designator=C25 Old Footprint=0402 New Footprint=0603
Change Component Footprint: Designator=C26 Old Footprint=0402 New Footprint=0603
Change Component Footprint: Designator=C27 Old Footprint=0402 New Footprint=0603
Change Component Footprint: Designator=C28 Old Footprint=0402 New Footprint=0603
Change Component Footprint: Designator=C29 Old Footprint=0402 New Footprint=0603
Change Component Footprint: Designator=C30 Old Footprint=0402 New Footprint=0603
Change Component Footprint: Designator=C31 Old Footprint=0402 New Footprint=0603
Change Component Footprint: Designator=C32 Old Footprint=0402 New Footprint=0603
Change Component Footprint: Designator=C33 Old Footprint=0402 New Footprint=0603
Change Component Footprint: Designator=C34 Old Footprint=0402 New Footprint=0603
Change Component Footprint: Designator=C35 Old Footprint=0402 New Footprint=0603
Change Component Footprint: Designator=C36 Old Footprint=0402 New Footprint=0603
Change Component Footprint: Designator=C37 Old Footprint=0402 New Footprint=0603
Change Component Footprint: Designator=C38 Old Footprint=0402 New Footprint=0603
Change Component Footprint: Designator=C39 Old Footprint=0402 New Footprint=0603
Change Component Footprint: Designator=C40 Old Footprint=0402 New Footprint=0603
Change Component Footprint: Designator=C41 Old Footprint=0402 New Footprint=0603
Change Component Footprint: Designator=C42 Old Footprint=0402 New Footprint=0603
Change Component Footprint: Designator=C43 Old Footprint=0402 New Footprint=0603
Change Component Footprint: Designator=C44 Old Footprint=0402 New Footprint=0603
Change Component Footprint: Designator=C45 Old Footprint=0402 New Footprint=0603
Change Component Footprint: Designator=C46 Old Footprint=0402 New Footprint=0603
Change Component Footprint: Designator=R1 Old Footprint=0402 New Footprint=0603
Change Component Footprint: Designator=R2 Old Footprint=0402 New Footprint=0603
Change Component Footprint: Designator=R3 Old Footprint=0402 New Footprint=0603
Change Component Footprint: Designator=R4 Old Footprint=0402 New Footprint=0603
Change Component Footprint: Designator=R5 Old Footprint=0402 New Footprint=0603
Change Component Footprint: Designator=R6 Old Footprint=0402 New Footprint=0603
Change Component Footprint: Designator=R7 Old Footprint=0402 New Footprint=0603
Change Component Footprint: Designator=R8 Old Footprint=0402 New Footprint=0603
Change Component Footprint: Designator=R9 Old Footprint=0402 New Footprint=0603
Change Component Footprint: Designator=R10 Old Footprint=0402 New Footprint=0603
Change Component Footprint: Designator=R11 Old Footprint=0402 New Footprint=0603
Change Component Footprint: Designator=R12 Old Footprint=0402 New Footprint=0603
Change Component Footprint: Designator=R13 Old Footprint=0402 New Footprint=0603
Change Component Footprint: Designator=R14 Old Footprint=0402 New Footprint=0603
Change Component Footprint: Designator=R15 Old Footprint=0402 New Footprint=0603
Change Component Footprint: Designator=R16 Old Footprint=0402 New Footprint=0603
Change Component Footprint: Designator=R17 Old Footprint=0402 New Footprint=0603
Change Component Footprint: Designator=R18 Old Footprint=0402 New Footprint=0603
Change Component Footprint: Designator=R19 Old Footprint=0402 New Footprint=0603
Change Component Footprint: Designator=R20 Old Footprint=0402 New Footprint=0603
Change Component Footprint: Designator=R21 Old Footprint=0402 New Footprint=0603
Change Component Footprint: Designator=R22 Old Footprint=0402 New Footprint=0603
Change Component Footprint: Designator=R23 Old Footprint=0402 New Footprint=0603
Change Component Footprint: Designator=R24 Old Footprint=0402 New Footprint=0603
Change Component Footprint: Designator=R25 Old Footprint=0402 New Footprint=0603
Change Component Footprint: Designator=R26 Old Footprint=0402 New Footprint=0603
Change Component Footprint: Designator=R27 Old Footprint=0402 New Footprint=0603
Change Component Footprint: Designator=R28 Old Footprint=0402 New Footprint=0603
Change Net Name : Old Net Name=NetD1_1 New Net Name=LED R
Change Net Name : Old Net Name=NetD1_3 New Net Name=LED B
Change Net Name : Old Net Name=NetD1_4 New Net Name=LED G
Change Net Name : Old Net Name=NetD2_2 New Net Name=LED2
Change Net Name : Old Net Name=NetIC1_9 New Net Name=LAN LOS
Change Net Name : Old Net Name=NetIC1_11 New Net Name=LAN RST
Change Net Name : Old Net Name=NetIC1_13 New Net Name=LAN MISO
Change Net Name : Old Net Name=NetIC1_17 New Net Name=LAN MOSI
Change Net Name : Old Net Name=NetIC1_19 New Net Name=LAN SCK
Change Net Name : Old Net Name=NetIC1_44 New Net Name=SD CD / LAN IRQ
Change Net Name : Old Net Name=NetIC1_50 New Net Name=LAN CS
Change Net Name : Old Net Name=NetJ1_1 New Net Name=SD CS
Change Net Name : Old Net Name=NetJ1_2 New Net Name=SD MOSI
Change Net Name : Old Net Name=NetJ1_5 New Net Name=SD CLK
Change Net Name : Old Net Name=NetJ1_7 New Net Name=SD MISO
Change Net Name : Old Net Name=NetJ3_2 New Net Name=UART RX
Change Net Name : Old Net Name=NetJ3_3 New Net Name=UART RX_EN
Change Net Name : Old Net Name=NetJ3_4 New Net Name=UART TX_EN
Change Net Name : Old Net Name=NetJ3_5 New Net Name=UART TX
Change Net Name : Old Net Name=NetJ4_1 New Net Name=MCLR
Change Net Name : Old Net Name=NetJ4_4 New Net Name=PGD
Change Net Name : Old Net Name=NetJ4_5 New Net Name=PGC
Change Net Name : Old Net Name=RX_N New Net Name=LAN_RX_N
Change Net Name : Old Net Name=RX_P New Net Name=LAN_RX_P
Change Net Name : Old Net Name=TX_N New Net Name=LAN_TX_N
Change Net Name : Old Net Name=TX_P New Net Name=LAN_TX_P
Added Differential Pair: Name=LAN_RX
Added Differential Pair: Name=LAN_TX
